0 info it worked if it ends with ok
1 verbose cli [ 'C:\\Program Files (x86)\\nodejs\\\\node.exe',
1 verbose cli   'C:\\Program Files (x86)\\nodejs\\node_modules\\npm\\bin\\npm-cli.js',
1 verbose cli   'publish' ]
2 info using npm@1.4.3
3 info using node@v0.10.26
4 verbose node symlink C:\Program Files (x86)\nodejs\\node.exe
5 verbose publish [ '.' ]
6 verbose cache add [ '.', null ]
7 verbose cache add name=undefined spec="." args=[".",null]
8 verbose parsed url { protocol: null,
8 verbose parsed url   slashes: null,
8 verbose parsed url   auth: null,
8 verbose parsed url   host: null,
8 verbose parsed url   port: null,
8 verbose parsed url   hostname: null,
8 verbose parsed url   hash: null,
8 verbose parsed url   search: null,
8 verbose parsed url   query: null,
8 verbose parsed url   pathname: '.',
8 verbose parsed url   path: '.',
8 verbose parsed url   href: '.' }
9 silly lockFile 3a52ce78- .
10 verbose lock . C:\Users\yurin_000\AppData\Roaming\npm-cache\3a52ce78-.lock
11 verbose tar pack [ 'C:\\Users\\YURIN_~1\\AppData\\Local\\Temp\\npm-10716-qiWcUQ1C\\1406657435947-0.9048879200126976\\tmp.tgz',
11 verbose tar pack   '.' ]
12 verbose tarball C:\Users\YURIN_~1\AppData\Local\Temp\npm-10716-qiWcUQ1C\1406657435947-0.9048879200126976\tmp.tgz
13 verbose folder .
14 info prepublish bauer-db@0.1.0
15 silly lockFile 1f1177db-tar tar://.
16 verbose lock tar://. C:\Users\yurin_000\AppData\Roaming\npm-cache\1f1177db-tar.lock
17 silly lockFile 1210be4d-35947-0-9048879200126976-tmp-tgz tar://C:\Users\YURIN_~1\AppData\Local\Temp\npm-10716-qiWcUQ1C\1406657435947-0.9048879200126976\tmp.tgz
18 verbose lock tar://C:\Users\YURIN_~1\AppData\Local\Temp\npm-10716-qiWcUQ1C\1406657435947-0.9048879200126976\tmp.tgz C:\Users\yurin_000\AppData\Roaming\npm-cache\1210be4d-35947-0-9048879200126976-tmp-tgz.lock
19 silly lockFile 1f1177db-tar tar://.
20 silly lockFile 1f1177db-tar tar://.
21 silly lockFile 1210be4d-35947-0-9048879200126976-tmp-tgz tar://C:\Users\YURIN_~1\AppData\Local\Temp\npm-10716-qiWcUQ1C\1406657435947-0.9048879200126976\tmp.tgz
22 silly lockFile 1210be4d-35947-0-9048879200126976-tmp-tgz tar://C:\Users\YURIN_~1\AppData\Local\Temp\npm-10716-qiWcUQ1C\1406657435947-0.9048879200126976\tmp.tgz
23 verbose tar unpack C:\Users\YURIN_~1\AppData\Local\Temp\npm-10716-qiWcUQ1C\1406657435947-0.9048879200126976\tmp.tgz
24 silly lockFile 19796dd7-35947-0-9048879200126976-package tar://C:\Users\YURIN_~1\AppData\Local\Temp\npm-10716-qiWcUQ1C\1406657435947-0.9048879200126976\package
25 verbose lock tar://C:\Users\YURIN_~1\AppData\Local\Temp\npm-10716-qiWcUQ1C\1406657435947-0.9048879200126976\package C:\Users\yurin_000\AppData\Roaming\npm-cache\19796dd7-35947-0-9048879200126976-package.lock
26 silly lockFile 1210be4d-35947-0-9048879200126976-tmp-tgz tar://C:\Users\YURIN_~1\AppData\Local\Temp\npm-10716-qiWcUQ1C\1406657435947-0.9048879200126976\tmp.tgz
27 verbose lock tar://C:\Users\YURIN_~1\AppData\Local\Temp\npm-10716-qiWcUQ1C\1406657435947-0.9048879200126976\tmp.tgz C:\Users\yurin_000\AppData\Roaming\npm-cache\1210be4d-35947-0-9048879200126976-tmp-tgz.lock
28 silly gunzTarPerm modes [ '755', '644' ]
29 silly gunzTarPerm extractEntry package.json
30 silly gunzTarPerm modified mode [ 'package.json', 438, 420 ]
31 silly gunzTarPerm extractEntry .npmignore
32 silly gunzTarPerm modified mode [ '.npmignore', 438, 420 ]
33 silly gunzTarPerm extractEntry README.md
34 silly gunzTarPerm modified mode [ 'README.md', 438, 420 ]
35 silly gunzTarPerm extractEntry LICENSE
36 silly gunzTarPerm modified mode [ 'LICENSE', 438, 420 ]
37 silly gunzTarPerm extractEntry db.js
38 silly gunzTarPerm modified mode [ 'db.js', 438, 420 ]
39 silly gunzTarPerm extractEntry lib/database.js
40 silly gunzTarPerm modified mode [ 'lib/database.js', 438, 420 ]
41 silly gunzTarPerm extractEntry lib/local.js
42 silly gunzTarPerm modified mode [ 'lib/local.js', 438, 420 ]
43 silly gunzTarPerm extractEntry lib/remote.js
44 silly gunzTarPerm modified mode [ 'lib/remote.js', 438, 420 ]
45 silly gunzTarPerm extractEntry lib/server.js
46 silly gunzTarPerm modified mode [ 'lib/server.js', 438, 420 ]
47 silly gunzTarPerm extractEntry lib/sql.js
48 silly gunzTarPerm modified mode [ 'lib/sql.js', 438, 420 ]
49 silly gunzTarPerm extractEntry test/sample-schema.js
50 silly gunzTarPerm modified mode [ 'test/sample-schema.js', 438, 420 ]
51 silly gunzTarPerm extractEntry test/test-local.js
52 silly gunzTarPerm modified mode [ 'test/test-local.js', 438, 420 ]
53 silly gunzTarPerm extractEntry test/test-remote.js
54 silly gunzTarPerm modified mode [ 'test/test-remote.js', 438, 420 ]
55 silly gunzTarPerm extractEntry test/test-server.js
56 silly gunzTarPerm modified mode [ 'test/test-server.js', 438, 420 ]
57 silly gunzTarPerm extractEntry test/test.js
58 silly gunzTarPerm modified mode [ 'test/test.js', 438, 420 ]
59 silly gunzTarPerm extractEntry test/mocha.opts
60 silly gunzTarPerm modified mode [ 'test/mocha.opts', 438, 420 ]
61 silly gunzTarPerm extractEntry test/sample-schema.json
62 silly gunzTarPerm modified mode [ 'test/sample-schema.json', 438, 420 ]
63 silly gunzTarPerm extractEntry test/sample-schema.sql
64 silly gunzTarPerm modified mode [ 'test/sample-schema.sql', 438, 420 ]
65 silly lockFile 19796dd7-35947-0-9048879200126976-package tar://C:\Users\YURIN_~1\AppData\Local\Temp\npm-10716-qiWcUQ1C\1406657435947-0.9048879200126976\package
66 silly lockFile 19796dd7-35947-0-9048879200126976-package tar://C:\Users\YURIN_~1\AppData\Local\Temp\npm-10716-qiWcUQ1C\1406657435947-0.9048879200126976\package
67 silly lockFile 1210be4d-35947-0-9048879200126976-tmp-tgz tar://C:\Users\YURIN_~1\AppData\Local\Temp\npm-10716-qiWcUQ1C\1406657435947-0.9048879200126976\tmp.tgz
68 silly lockFile 1210be4d-35947-0-9048879200126976-tmp-tgz tar://C:\Users\YURIN_~1\AppData\Local\Temp\npm-10716-qiWcUQ1C\1406657435947-0.9048879200126976\tmp.tgz
69 verbose tar pack [ 'C:\\Users\\yurin_000\\AppData\\Roaming\\npm-cache\\bauer-db\\0.1.0\\package.tgz',
69 verbose tar pack   'C:\\Users\\YURIN_~1\\AppData\\Local\\Temp\\npm-10716-qiWcUQ1C\\1406657435947-0.9048879200126976\\package' ]
70 verbose tarball C:\Users\yurin_000\AppData\Roaming\npm-cache\bauer-db\0.1.0\package.tgz
71 verbose folder C:\Users\YURIN_~1\AppData\Local\Temp\npm-10716-qiWcUQ1C\1406657435947-0.9048879200126976\package
72 silly lockFile 19796dd7-35947-0-9048879200126976-package tar://C:\Users\YURIN_~1\AppData\Local\Temp\npm-10716-qiWcUQ1C\1406657435947-0.9048879200126976\package
73 verbose lock tar://C:\Users\YURIN_~1\AppData\Local\Temp\npm-10716-qiWcUQ1C\1406657435947-0.9048879200126976\package C:\Users\yurin_000\AppData\Roaming\npm-cache\19796dd7-35947-0-9048879200126976-package.lock
74 silly lockFile c7eb726d-cache-bauer-db-0-1-0-package-tgz tar://C:\Users\yurin_000\AppData\Roaming\npm-cache\bauer-db\0.1.0\package.tgz
75 verbose lock tar://C:\Users\yurin_000\AppData\Roaming\npm-cache\bauer-db\0.1.0\package.tgz C:\Users\yurin_000\AppData\Roaming\npm-cache\c7eb726d-cache-bauer-db-0-1-0-package-tgz.lock
76 silly lockFile 19796dd7-35947-0-9048879200126976-package tar://C:\Users\YURIN_~1\AppData\Local\Temp\npm-10716-qiWcUQ1C\1406657435947-0.9048879200126976\package
77 silly lockFile 19796dd7-35947-0-9048879200126976-package tar://C:\Users\YURIN_~1\AppData\Local\Temp\npm-10716-qiWcUQ1C\1406657435947-0.9048879200126976\package
78 silly lockFile c7eb726d-cache-bauer-db-0-1-0-package-tgz tar://C:\Users\yurin_000\AppData\Roaming\npm-cache\bauer-db\0.1.0\package.tgz
79 silly lockFile c7eb726d-cache-bauer-db-0-1-0-package-tgz tar://C:\Users\yurin_000\AppData\Roaming\npm-cache\bauer-db\0.1.0\package.tgz
80 silly lockFile 86f3523c-npm-cache-bauer-db-0-1-0-package C:\Users\yurin_000\AppData\Roaming\npm-cache\bauer-db\0.1.0\package
81 verbose lock C:\Users\yurin_000\AppData\Roaming\npm-cache\bauer-db\0.1.0\package C:\Users\yurin_000\AppData\Roaming\npm-cache\86f3523c-npm-cache-bauer-db-0-1-0-package.lock
82 silly lockFile 86f3523c-npm-cache-bauer-db-0-1-0-package C:\Users\yurin_000\AppData\Roaming\npm-cache\bauer-db\0.1.0\package
83 silly lockFile 86f3523c-npm-cache-bauer-db-0-1-0-package C:\Users\yurin_000\AppData\Roaming\npm-cache\bauer-db\0.1.0\package
84 verbose tar unpack C:\Users\yurin_000\AppData\Roaming\npm-cache\bauer-db\0.1.0\package.tgz
85 silly lockFile 0a8859ba-npm-cache-bauer-db-0-1-0-package tar://C:\Users\yurin_000\AppData\Roaming\npm-cache\bauer-db\0.1.0\package
86 verbose lock tar://C:\Users\yurin_000\AppData\Roaming\npm-cache\bauer-db\0.1.0\package C:\Users\yurin_000\AppData\Roaming\npm-cache\0a8859ba-npm-cache-bauer-db-0-1-0-package.lock
87 silly lockFile c7eb726d-cache-bauer-db-0-1-0-package-tgz tar://C:\Users\yurin_000\AppData\Roaming\npm-cache\bauer-db\0.1.0\package.tgz
88 verbose lock tar://C:\Users\yurin_000\AppData\Roaming\npm-cache\bauer-db\0.1.0\package.tgz C:\Users\yurin_000\AppData\Roaming\npm-cache\c7eb726d-cache-bauer-db-0-1-0-package-tgz.lock
89 silly gunzTarPerm modes [ '755', '644' ]
90 silly gunzTarPerm extractEntry package.json
91 silly gunzTarPerm modified mode [ 'package.json', 438, 420 ]
92 silly gunzTarPerm extractEntry .npmignore
93 silly gunzTarPerm modified mode [ '.npmignore', 438, 420 ]
94 silly gunzTarPerm extractEntry README.md
95 silly gunzTarPerm modified mode [ 'README.md', 438, 420 ]
96 silly gunzTarPerm extractEntry LICENSE
97 silly gunzTarPerm modified mode [ 'LICENSE', 438, 420 ]
98 silly gunzTarPerm extractEntry db.js
99 silly gunzTarPerm modified mode [ 'db.js', 438, 420 ]
100 silly gunzTarPerm extractEntry lib/database.js
101 silly gunzTarPerm modified mode [ 'lib/database.js', 438, 420 ]
102 silly gunzTarPerm extractEntry lib/local.js
103 silly gunzTarPerm modified mode [ 'lib/local.js', 438, 420 ]
104 silly gunzTarPerm extractEntry lib/remote.js
105 silly gunzTarPerm modified mode [ 'lib/remote.js', 438, 420 ]
106 silly gunzTarPerm extractEntry lib/server.js
107 silly gunzTarPerm modified mode [ 'lib/server.js', 438, 420 ]
108 silly gunzTarPerm extractEntry lib/sql.js
109 silly gunzTarPerm modified mode [ 'lib/sql.js', 438, 420 ]
110 silly gunzTarPerm extractEntry test/sample-schema.js
111 silly gunzTarPerm modified mode [ 'test/sample-schema.js', 438, 420 ]
112 silly gunzTarPerm extractEntry test/test-local.js
113 silly gunzTarPerm modified mode [ 'test/test-local.js', 438, 420 ]
114 silly gunzTarPerm extractEntry test/test-remote.js
115 silly gunzTarPerm modified mode [ 'test/test-remote.js', 438, 420 ]
116 silly gunzTarPerm extractEntry test/test-server.js
117 silly gunzTarPerm modified mode [ 'test/test-server.js', 438, 420 ]
118 silly gunzTarPerm extractEntry test/test.js
119 silly gunzTarPerm modified mode [ 'test/test.js', 438, 420 ]
120 silly gunzTarPerm extractEntry test/mocha.opts
121 silly gunzTarPerm modified mode [ 'test/mocha.opts', 438, 420 ]
122 silly gunzTarPerm extractEntry test/sample-schema.json
123 silly gunzTarPerm modified mode [ 'test/sample-schema.json', 438, 420 ]
124 silly gunzTarPerm extractEntry test/sample-schema.sql
125 silly gunzTarPerm modified mode [ 'test/sample-schema.sql', 438, 420 ]
126 silly lockFile 0a8859ba-npm-cache-bauer-db-0-1-0-package tar://C:\Users\yurin_000\AppData\Roaming\npm-cache\bauer-db\0.1.0\package
127 silly lockFile 0a8859ba-npm-cache-bauer-db-0-1-0-package tar://C:\Users\yurin_000\AppData\Roaming\npm-cache\bauer-db\0.1.0\package
128 silly lockFile c7eb726d-cache-bauer-db-0-1-0-package-tgz tar://C:\Users\yurin_000\AppData\Roaming\npm-cache\bauer-db\0.1.0\package.tgz
129 silly lockFile c7eb726d-cache-bauer-db-0-1-0-package-tgz tar://C:\Users\yurin_000\AppData\Roaming\npm-cache\bauer-db\0.1.0\package.tgz
130 verbose chmod C:\Users\yurin_000\AppData\Roaming\npm-cache\bauer-db\0.1.0\package.tgz 644
131 silly chown skipping for windows C:\Users\yurin_000\AppData\Roaming\npm-cache\bauer-db\0.1.0\package.tgz
132 silly lockFile 3a52ce78- .
133 silly lockFile 3a52ce78- .
134 silly publish { name: 'bauer-db',
134 silly publish   version: '0.1.0',
134 silly publish   description: 'Modern API for SQL databases.',
134 silly publish   keywords: [ 'sqlite', 'database', 'sql' ],
134 silly publish   license: 'MIT',
134 silly publish   homepage: 'https://github.com/yneves/node-bauer-db',
134 silly publish   author:
134 silly publish    { name: 'Yuri Neves Silveira',
134 silly publish      email: 'npm@yneves.com',
134 silly publish      url: 'http://yneves.com/' },
134 silly publish   repository:
134 silly publish    { type: 'git',
134 silly publish      url: 'https://github.com/yneves/node-bauer-db.git' },
134 silly publish   scripts: { test: 'mocha' },
134 silly publish   devDependencies: { mocha: '>=1.0.0' },
134 silly publish   main: 'db.js',
134 silly publish   dependencies:
134 silly publish    { 'bauer-sql': '>=1.1.0',
134 silly publish      'bauer-factory': '>=1.0.7',
134 silly publish      'bauer-promise': '>=1.0.3',
134 silly publish      sqlite3: '^2.2.3' },
134 silly publish   readme: 'node-bauer-db\r\n=============\r\n\r\nModern API for SQL databases.\r\n\r\nCurrently supports `sqlite3` database.\r\n\r\n## Installation\r\n\r\n```\r\nnpm install bauer-db\r\n```\r\n\r\n## Usage\r\n\r\n```js\r\nvar db = require("bauer-db");\r\n```\r\n\r\n## Documentation\r\n\r\nPending.\r\n\r\n## License\r\n\r\nMIT\r\n',
134 silly publish   readmeFilename: 'README.md',
134 silly publish   bugs: { url: 'https://github.com/yneves/node-bauer-db/issues' },
134 silly publish   _id: 'bauer-db@0.1.0',
134 silly publish   dist: { shasum: '62c1bfbc263fda3efaa0887889ec3ffd24f13e1a' },
134 silly publish   _from: '.' }
135 verbose url raw bauer-db
136 verbose url resolving [ 'https://registry.npmjs.org/', './bauer-db' ]
137 verbose url resolved https://registry.npmjs.org/bauer-db
138 info trying registry request attempt 1 at 15:10:36
139 http PUT https://registry.npmjs.org/bauer-db
140 http 403 https://registry.npmjs.org/bauer-db
141 error publish Failed PUT 403
142 error Error: forbidden cannot modify pre-existing version: 0.1.0
142 error old={"name":"bauer-db","version":"0.1.0","description":"Modern API for SQL databases.","keywords":["sqlite","database","sql"],"license":"MIT","homepage":"https://github.com/yneves/node-bauer-db","author":{"name":"Yuri Neves Silveira","email":"npm@yneves.com","url":"http://yneves.com/"},"repository":{"type":"git","url":"https://github.com/yneves/node-bauer-db.git"},"scripts":{"test":"mocha"},"devDependencies":{"mocha":">=1.0.0"},"main":"db.js","dependencies":{"bauer-sql":">=1.1.0","bauer-factory":">=1.0.7","bauer-promise":">=1.0.3","sqlite3":"^2.2.3"},"bugs":{"url":"https://github.com/yneves/node-bauer-db/issues"},"_id":"bauer-db@0.1.0","dist":{"shasum":"687bb2587f6e99f7943ca5417be86f82e31043d1","tarball":"http://registry.npmjs.org/bauer-db/-/bauer-db-0.1.0.tgz"},"_from":".","_npmVersion":"1.4.3","_npmUser":{"name":"yneves","email":"npm@yneves.com"},"maintainers":[{"name":"yneves","email":"npm@yneves.com"}]}
142 error new={"name":"bauer-db","version":"0.1.0","description":"Modern API for SQL databases.","keywords":["sqlite","database","sql"],"license":"MIT","homepage":"https://github.com/yneves/node-bauer-db","author":{"name":"Yuri Neves Silveira","email":"npm@yneves.com","url":"http://yneves.com/"},"repository":{"type":"git","url":"https://github.com/yneves/node-bauer-db.git"},"scripts":{"test":"mocha"},"devDependencies":{"mocha":">=1.0.0"},"main":"db.js","dependencies":{"bauer-sql":">=1.1.0","bauer-factory":">=1.0.7","bauer-promise":">=1.0.3","sqlite3":"^2.2.3"},"readme":"node-bauer-db\u000d\u000a=============\u000d\u000a\u000d\u000aModern API for SQL databases.\u000d\u000a\u000d\u000aCurrently supports `sqlite3` database.\u000d\u000a\u000d\u000a## Installation\u000d\u000a\u000d\u000a```\u000d\u000anpm install bauer-db\u000d\u000a```\u000d\u000a\u000d\u000a## Usage\u000d\u000a\u000d\u000a```js\u000d\u000avar db = require(\"bauer-db\");\u000d\u000a```\u000d\u000a\u000d\u000a## Documentation\u000d\u000a\u000d\u000aPending.\u000d\u000a\u000d\u000a## License\u000d\u000a\u000d\u000aMIT\u000d\u000a","readmeFilename":"README.md","bugs":{"url":"https://github.com/yneves/node-bauer-db/issues"},"_id":"bauer-db@0.1.0","dist":{"shasum":"62c1bfbc263fda3efaa0887889ec3ffd24f13e1a","tarball":"http://registry.npmjs.org/bauer-db/-/bauer-db-0.1.0.tgz"},"_from":".","_npmVersion":"1.4.3","_npmUser":{"name":"yneves","email":"npm@yneves.com"},"maintainers":[{"name":"yneves","email":"npm@yneves.com"}]}: bauer-db
142 error     at RegClient.<anonymous> (C:\Program Files (x86)\nodejs\node_modules\npm\node_modules\npm-registry-client\lib\request.js:237:14)
142 error     at Request.self.callback (C:\Program Files (x86)\nodejs\node_modules\npm\node_modules\request\request.js:123:22)
142 error     at Request.EventEmitter.emit (events.js:98:17)
142 error     at Request.<anonymous> (C:\Program Files (x86)\nodejs\node_modules\npm\node_modules\request\request.js:893:14)
142 error     at Request.EventEmitter.emit (events.js:117:20)
142 error     at IncomingMessage.<anonymous> (C:\Program Files (x86)\nodejs\node_modules\npm\node_modules\request\request.js:844:12)
142 error     at IncomingMessage.EventEmitter.emit (events.js:117:20)
142 error     at _stream_readable.js:920:16
142 error     at process._tickCallback (node.js:415:13)
143 error If you need help, you may report this *entire* log,
143 error including the npm and node versions, at:
143 error     <http://github.com/npm/npm/issues>
144 error System Windows_NT 6.2.9200
145 error command "C:\\Program Files (x86)\\nodejs\\\\node.exe" "C:\\Program Files (x86)\\nodejs\\node_modules\\npm\\bin\\npm-cli.js" "publish"
146 error cwd D:\code\GitHub\node-bauer-db
147 error node -v v0.10.26
148 error npm -v 1.4.3
149 verbose exit [ 1, true ]
